<?xml version="1.0" encoding="UTF-8"?>
<testng-results skipped="0" failed="0" ignored="0" total="1" passed="1">
  <reporter-output>
  </reporter-output>
  <suite name="Default suite" duration-ms="8725" started-at="2017-05-16T20:18:51Z" finished-at="2017-05-16T20:19:00Z">
    <groups>
    </groups>
    <test name="Default test" duration-ms="8725" started-at="2017-05-16T20:18:51Z" finished-at="2017-05-16T20:19:00Z">
      <class name="project1.CIGProjectSearch">
        <test-method status="PASS" signature="Home()[pri:0, instance:project1.CIGProjectSearch@7cd62f43]" name="Home" is-config="true" duration-ms="4631" started-at="2017-05-16T16:18:51Z" finished-at="2017-05-16T16:18:56Z">
          <reporter-output>
          </reporter-output>
        </test-method> <!-- Home -->
        <test-method status="PASS" signature="NationsRes()[pri:0, instance:project1.CIGProjectSearch@7cd62f43]" name="NationsRes" duration-ms="4082" started-at="2017-05-16T16:18:56Z" finished-at="2017-05-16T16:19:00Z">
          <reporter-output>
          </reporter-output>
        </test-method> <!-- NationsRes -->
      </class> <!-- project1.CIGProjectSearch -->
    </test> <!-- Default test -->
  </suite> <!-- Default suite -->
</testng-results>
